<?xml version="1.0" encoding="UTF-8"?>
<testsuite name="GUITest" tests="14" skipped="0" failures="3" errors="0" timestamp="2022-04-26T14:47:33" hostname="Jonathans-MacBook-Pro.local" time="104.434">
  <properties/>
  <testcase name="statisticsShouldDisplay()" classname="GUITest" time="7.922"/>
  <testcase name="newGameHasDefaultGUI()" classname="GUITest" time="3.435"/>
  <testcase name="statisticsShouldBeEmptyForNewGame()" classname="GUITest" time="4.544"/>
  <testcase name="restartShouldStartNewGame()" classname="GUITest" time="4.202"/>
  <testcase name="leftClickFirstCellShouldStartTimer()" classname="GUITest" time="3.945"/>
  <testcase name="clickingOnMineShouldPopupGameLostWindow()" classname="GUITest" time="8.908">
    <failure message="org.assertj.swing.exception.WaitTimedOutError: Timed out waiting for component to be found using matcher GUITest$2@63c8d505&#10;Unable to find component using matcher GUITest$2@63c8d505.&#10;&#10;Component hierarchy:&#10;javax.swing.SwingUtilities$SharedOwnerFrame[name='frame6', title='', enabled=true, visible=false, showing=false]&#10;src.minesweeper.UI[name='frame5', title='Minesweeper ~ Developed by Haris Muneer', enabled=true, visible=true, showing=true]&#10;  javax.swing.JRootPane[]&#10;    javax.swing.JPanel[name='null.glassPane']&#10;    javax.swing.JLayeredPane[]&#10;      javax.swing.JPanel[name='null.contentPane']&#10;        javax.swing.JLabel[name=null, text=null, enabled=true, visible=true, showing=true]&#10;          javax.swing.JMenuBar[]&#10;            javax.swing.JMenu[name=null, text='Game', selected=false, enabled=true, visible=true, showing=true]&#10;              javax.swing.JPopupMenu[name=null, label=null, enabled=true, visible=false, showing=false]&#10;                javax.swing.JMenuItem[name='New Game', text='   New Game', selected=false, enabled=true, visible=true, showing=false]&#10;                javax.swing.JMenuItem[name='Statistics', text='   Statistics', selected=false, enabled=true, visible=true, showing=false]&#10;                javax.swing.JMenuItem[name='Exit', text='   Exit', selected=false, enabled=true, visible=true, showing=false]&#10;          javax.swing.JPanel[name=null]&#10;            javax.swing.JPanel[name=null]&#10;              javax.swing.JButton[name='0,0', text='', enabled=true, visible=true, showing=true]&#10;              javax.swing.JButton[name='1,0', text='', enabled=true, visible=true, showing=true]&#10;              javax.swing.JButton[name='2,0', text='', enabled=true, visible=true, showing=true]&#10;              javax.swing.JButton[name='3,0', text='', enabled=true, visible=true, showing=true]&#10;              javax.swing.JButton[name='4,0', text='', enabled=true, visible=true, showing=true]&#10;              javax.swing.JButton[name='5,0', text='', enabled=true, visible=true, showing=true]&#10;              javax.swing.JButton[name='6,0', text='', enabled=true, visible=true, showing=true]&#10;              javax.swing.JButton[name='7,0', text='', enabled=true, visible=true, showing=true]&#10;              javax.swing.JButton[name='8,0', text='', enabled=true, visible=true, showing=true]&#10;              javax.swing.JButton[name='0,1', text='', enabled=true, visible=true, showing=true]&#10;              javax.swing.JButton[name='1,1', text='', enabled=true, visible=true, showing=true]&#10;              javax.swing.JButton[name='2,1', text='', enabled=true, visible=true, showing=true]&#10;              javax.swing.JButton[name='3,1', text='', enabled=true, visible=true, showing=true]&#10;              javax.swing.JButton[name='4,1', text='', enabled=true, visible=true, showing=true]&#10;              javax.swing.JButton[name='5,1', text='', enabled=true, visible=true, showing=true]&#10;              javax.swing.JButton[name='6,1', text='', enabled=true, visible=true, showing=true]&#10;              javax.swing.JButton[name='7,1', text='', enabled=true, visible=true, showing=true]&#10;              javax.swing.JButton[name='8,1', text='', enabled=true, visible=true, showing=true]&#10;              javax.swing.JButton[name='0,2', text='', enabled=true, visible=true, showing=true]&#10;              javax.swing.JButton[name='1,2', text='', enabled=true, visible=true, showing=true]&#10;              javax.swing.JButton[name='2,2', text='', enabled=true, visible=true, showing=true]&#10;              javax.swing.JButton[name='3,2', text='', enabled=true, visible=true, showing=true]&#10;              javax.swing.JButton[name='4,2', text='', enabled=true, visible=true, showing=true]&#10;              javax.swing.JButton[name='5,2', text='', enabled=true, visible=true, showing=true]&#10;              javax.swing.JButton[name='6,2', text='', enabled=true, visible=true, showing=true]&#10;              javax.swing.JButton[name='7,2', text='', enabled=true, visible=true, showing=true]&#10;              javax.swing.JButton[name='8,2', text='', enabled=true, visible=true, showing=true]&#10;              javax.swing.JButton[name='0,3', text='', enabled=true, visible=true, showing=true]&#10;              javax.swing.JButton[name='1,3', text='', enabled=true, visible=true, showing=true]&#10;              javax.swing.JButton[name='2,3', text='', enabled=true, visible=true, showing=true]&#10;              javax.swing.JButton[name='3,3', text='', enabled=true, visible=true, showing=true]&#10;              javax.swing.JButton[name='4,3', text='', enabled=true, visible=true, showing=true]&#10;              javax.swing.JButton[name='5,3', text='', enabled=true, visible=true, showing=true]&#10;              javax.swing.JButton[name='6,3', text='', enabled=true, visible=true, showing=true]&#10;              javax.swing.JButton[name='7,3', text='', enabled=true, visible=true, showing=true]&#10;              javax.swing.JButton[name='8,3', text='', enabled=true, visible=true, showing=true]&#10;              javax.swing.JButton[name='0,4', text='', enabled=true, visible=true, showing=true]&#10;              javax.swing.JButton[name='1,4', text='', enabled=true, visible=true, showing=true]&#10;              javax.swing.JButton[name='2,4', text='', enabled=true, visible=true, showing=true]&#10;              javax.swing.JButton[name='3,4', text='', enabled=true, visible=true, showing=true]&#10;              javax.swing.JButton[name='4,4', text='', enabled=true, visible=true, showing=true]&#10;              javax.swing.JButton[name='5,4', text='', enabled=true, visible=true, showing=true]&#10;              javax.swing.JButton[name='6,4', text='', enabled=true, visible=true, showing=true]&#10;              javax.swing.JButton[name='7,4', text='', enabled=true, visible=true, showing=true]&#10;              javax.swing.JButton[name='8,4', text='', enabled=true, visible=true, showing=true]&#10;              javax.swing.JButton[name='0,5', text='', enabled=true, visible=true, showing=true]&#10;              javax.swing.JButton[name='1,5', text='', enabled=true, visible=true, showing=true]&#10;              javax.swing.JButton[name='2,5', text='', enabled=true, visible=true, showing=true]&#10;              javax.swing.JButton[name='3,5', text='', enabled=true, visible=true, showing=true]&#10;              javax.swing.JButton[name='4,5', text='', enabled=true, visible=true, showing=true]&#10;              javax.swing.JButton[name='5,5', text='', enabled=true, visible=true, showing=true]&#10;              javax.swing.JButton[name='6,5', text='', enabled=true, visible=true, showing=true]&#10;              javax.swing.JButton[name='7,5', text='', enabled=true, visible=true, showing=true]&#10;              javax.swing.JButton[name='8,5', text='', enabled=true, visible=true, showing=true]&#10;              javax.swing.JButton[name='0,6', text='', enabled=true, visible=true, showing=true]&#10;              javax.swing.JButton[name='1,6', text='', enabled=true, visible=true, showing=true]&#10;              javax.swing.JButton[name='2,6', text='', enabled=true, visible=true, showing=true]&#10;              javax.swing.JButton[name='3,6', text='', enabled=true, visible=true, showing=true]&#10;              javax.swing.JButton[name='4,6', text='', enabled=true, visible=true, showing=true]&#10;              javax.swing.JButton[name='5,6', text='', enabled=true, visible=true, showing=true]&#10;              javax.swing.JButton[name='6,6', text='', enabled=true, visible=true, showing=true]&#10;              javax.swing.JButton[name='7,6', text='', enabled=true, visible=true, showing=true]&#10;              javax.swing.JButton[name='8,6', text='', enabled=true, visible=true, showing=true]&#10;              javax.swing.JButton[name='0,7', text='', enabled=true, visible=true, showing=true]&#10;              javax.swing.JButton[name='1,7', text='', enabled=true, visible=true, showing=true]&#10;              javax.swing.JButton[name='2,7', text='', enabled=true, visible=true, showing=true]&#10;              javax.swing.JButton[name='3,7', text='', enabled=true, visible=true, showing=true]&#10;              javax.swing.JButton[name='4,7', text='', enabled=true, visible=true, showing=true]&#10;              javax.swing.JButton[name='5,7', text='', enabled=true, visible=true, showing=true]&#10;              javax.swing.JButton[name='6,7', text='', enabled=true, visible=true, showing=true]&#10;              javax.swing.JButton[name='7,7', text='', enabled=true, visible=true, showing=true]&#10;              javax.swing.JButton[name='8,7', text='', enabled=true, visible=true, showing=true]&#10;              javax.swing.JButton[name='0,8', text='', enabled=true, visible=true, showing=true]&#10;              javax.swing.JButton[name='1,8', text='', enabled=true, visible=true, showing=true]&#10;              javax.swing.JButton[name='2,8', text='', enabled=true, visible=true, showing=true]&#10;              javax.swing.JButton[name='3,8', text='', enabled=true, visible=true, showing=true]&#10;              javax.swing.JButton[name='4,8', text='', enabled=true, visible=true, showing=true]&#10;              javax.swing.JButton[name='5,8', text='', enabled=true, visible=true, showing=true]&#10;              javax.swing.JButton[name='6,8', text='', enabled=true, visible=true, showing=true]&#10;              javax.swing.JButton[name='7,8', text='', enabled=true, visible=true, showing=true]&#10;              javax.swing.JButton[name='8,8', text='', enabled=true, visible=true, showing=true]&#10;            javax.swing.JPanel[name=null]&#10;              javax.swing.JPanel[name=null]&#10;                javax.swing.JLabel[name=null, text='', enabled=true, visible=true, showing=true]&#10;                javax.swing.JLabel[name=null, text='  0  ', enabled=true, visible=true, showing=true]&#10;              javax.swing.JPanel[name=null]&#10;                javax.swing.JLabel[name=null, text='  10  ', enabled=true, visible=true, showing=true]&#10;                javax.swing.JLabel[name=null, text='', enabled=true, visible=true, showing=true]&#10;src.minesweeper.UI[name='frame0', title='Minesweeper ~ Developed by Haris Muneer', enabled=true, visible=false, showing=false]&#10;  javax.swing.JRootPane[]&#10;    javax.swing.JPanel[name='null.glassPane']&#10;    javax.swing.JLayeredPane[]&#10;      javax.swing.JPanel[name='null.contentPane']&#10;        javax.swing.JLabel[name=null, text=null, enabled=true, visible=true, showing=false]&#10;          javax.swing.JMenuBar[]&#10;            javax.swing.JMenu[name=null, text='Game', selected=false, enabled=true, visible=true, showing=false]&#10;              javax.swing.JPopupMenu[name=null, label=null, enabled=true, visible=false, showing=false]&#10;                javax.swing.JMenuItem[name='New Game', text='   New Game', selected=false, enabled=true, visible=true, showing=false]&#10;                javax.swing.JMenuItem[name='Statistics', text='   Statistics', selected=false, enabled=true, visible=true, showing=false]&#10;                javax.swing.JMenuItem[name='Exit', text='   Exit', selected=false, enabled=true, visible=true, showing=false]&#10;          javax.swing.JPanel[name=null]&#10;            javax.swing.JPanel[name=null]&#10;              javax.swing.JButton[name='0,0', text='', enabled=true, visible=true, showing=false]&#10;              javax.swing.JButton[name='1,0', text='', enabled=true, visible=true, showing=false]&#10;              javax.swing.JButton[name='2,0', text='', enabled=true, visible=true, showing=false]&#10;              javax.swing.JButton[name='3,0', text='', enabled=true, visible=true, showing=false]&#10;              javax.swing.JButton[name='4,0', text='', enabled=true, visible=true, showing=false]&#10;              javax.swing.JButton[name='5,0', text='', enabled=true, visible=true, showing=false]&#10;              javax.swing.JButton[name='6,0', text='', enabled=true, visible=true, showing=false]&#10;              javax.swing.JButton[name='7,0', text='', enabled=true, visible=true, showing=false]&#10;              javax.swing.JButton[name='8,0', text='', enabled=true, visible=true, showing=false]&#10;              javax.swing.JButton[name='0,1', text='', enabled=true, visible=true, showing=false]&#10;              javax.swing.JButton[name='1,1', text='', enabled=true, visible=true, showing=false]&#10;              javax.swing.JButton[name='2,1', text='', enabled=true, visible=true, showing=false]&#10;              javax.swing.JButton[name='3,1', text='', enabled=true, visible=true, showing=false]&#10;              javax.swing.JButton[name='4,1', text='', enabled=true, visible=true, showing=false]&#10;              javax.swing.JButton[name='5,1', text='', enabled=true, visible=true, showing=false]&#10;              javax.swing.JButton[name='6,1', text='', enabled=true, visible=true, showing=false]&#10;              javax.swing.JButton[name='7,1', text='', enabled=true, visible=true, showing=false]&#10;              javax.swing.JButton[name='8,1', text='', enabled=true, visible=true, showing=false]&#10;              javax.swing.JButton[name='0,2', text='', enabled=true, visible=true, showing=false]&#10;              javax.swing.JButton[name='1,2', text='', enabled=true, visible=true, showing=false]&#10;              javax.swing.JButton[name='2,2', text='', enabled=true, visible=true, showing=false]&#10;              javax.swing.JButton[name='3,2', text='', enabled=true, visible=true, showing=false]&#10;              javax.swing.JButton[name='4,2', text='', enabled=true, visible=true, showing=false]&#10;              javax.swing.JButton[name='5,2', text='', enabled=true, visible=true, showing=false]&#10;              javax.swing.JButton[name='6,2', text='', enabled=true, visible=true, showing=false]&#10;              javax.swing.JButton[name='7,2', text='', enabled=true, visible=true, showing=false]&#10;              javax.swing.JButton[name='8,2', text='', enabled=true, visible=true, showing=false]&#10;              javax.swing.JButton[name='0,3', text='', enabled=true, visible=true, showing=false]&#10;              javax.swing.JButton[name='1,3', text='', enabled=true, visible=true, showing=false]&#10;              javax.swing.JButton[name='2,3', text='', enabled=true, visible=true, showing=false]&#10;              javax.swing.JButton[name='3,3', text='', enabled=true, visible=true, showing=false]&#10;              javax.swing.JButton[name='4,3', text='', enabled=true, visible=true, showing=false]&#10;              javax.swing.JButton[name='5,3', text='', enabled=true, visible=true, showing=false]&#10;              javax.swing.JButton[name='6,3', text='', enabled=true, visible=true, showing=false]&#10;              javax.swing.JButton[name='7,3', text='', enabled=true, visible=true, showing=false]&#10;              javax.swing.JButton[name='8,3', text='', enabled=true, visible=true, showing=false]&#10;              javax.swing.JButton[name='0,4', text='', enabled=true, visible=true, showing=false]&#10;              javax.swing.JButton[name='1,4', text='', enabled=true, visible=true, showing=false]&#10;              javax.swing.JButton[name='2,4', text='', enabled=true, visible=true, showing=false]&#10;              javax.swing.JButton[name='3,4', text='', enabled=true, visible=true, showing=false]&#10;              javax.swing.JButton[name='4,4', text='', enabled=true, visible=true, showing=false]&#10;              javax.swing.JButton[name='5,4', text='', enabled=true, visible=true, showing=false]&#10;              javax.swing.JButton[name='6,4', text='', enabled=true, visible=true, showing=false]&#10;              javax.swing.JButton[name='7,4', text='', enabled=true, visible=true, showing=false]&#10;              javax.swing.JButton[name='8,4', text='', enabled=true, visible=true, showing=false]&#10;              javax.swing.JButton[name='0,5', text='', enabled=true, visible=true, showing=false]&#10;              javax.swing.JButton[name='1,5', text='', enabled=true, visible=true, showing=false]&#10;              javax.swing.JButton[name='2,5', text='', enabled=true, visible=true, showing=false]&#10;              javax.swing.JButton[name='3,5', text='', enabled=true, visible=true, showing=false]&#10;              javax.swing.JButton[name='4,5', text='', enabled=true, visible=true, showing=false]&#10;              javax.swing.JButton[name='5,5', text='', enabled=true, visible=true, showing=false]&#10;              javax.swing.JButton[name='6,5', text='', enabled=true, visible=true, showing=false]&#10;              javax.swing.JButton[name='7,5', text='', enabled=true, visible=true, showing=false]&#10;              javax.swing.JButton[name='8,5', text='', enabled=true, visible=true, showing=false]&#10;              javax.swing.JButton[name='0,6', text='', enabled=true, visible=true, showing=false]&#10;              javax.swing.JButton[name='1,6', text='', enabled=true, visible=true, showing=false]&#10;              javax.swing.JButton[name='2,6', text='', enabled=true, visible=true, showing=false]&#10;              javax.swing.JButton[name='3,6', text='', enabled=true, visible=true, showing=false]&#10;              javax.swing.JButton[name='4,6', text='', enabled=true, visible=true, showing=false]&#10;              javax.swing.JButton[name='5,6', text='', enabled=true, visible=true, showing=false]&#10;              javax.swing.JButton[name='6,6', text='', enabled=true, visible=true, showing=false]&#10;              javax.swing.JButton[name='7,6', text='', enabled=true, visible=true, showing=false]&#10;              javax.swing.JButton[name='8,6', text='', enabled=true, visible=true, showing=false]&#10;              javax.swing.JButton[name='0,7', text='', enabled=true, visible=true, showing=false]&#10;              javax.swing.JButton[name='1,7', text='', enabled=true, visible=true, showing=false]&#10;              javax.swing.JButton[name='2,7', text='', enabled=true, visible=true, showing=false]&#10;              javax.swing.JButton[name='3,7', text='', enabled=true, visible=true, showing=false]&#10;              javax.swing.JButton[name='4,7', text='', enabled=true, visible=true, showing=false]&#10;              javax.swing.JButton[name='5,7', text='', enabled=true, visible=true, showing=false]&#10;              javax.swing.JButton[name='6,7', text='', enabled=true, visible=true, showing=false]&#10;              javax.swing.JButton[name='7,7', text='', enabled=true, visible=true, showing=false]&#10;              javax.swing.JButton[name='8,7', text='', enabled=true, visible=true, showing=false]&#10;              javax.swing.JButton[name='0,8', text='', enabled=true, visible=true, showing=false]&#10;              javax.swing.JButton[name='1,8', text='', enabled=true, visible=true, showing=false]&#10;              javax.swing.JButton[name='2,8', text='', enabled=true, visible=true, showing=false]&#10;              javax.swing.JButton[name='3,8', text='', enabled=true, visible=true, showing=false]&#10;              javax.swing.JButton[name='4,8', text='', enabled=true, visible=true, showing=false]&#10;              javax.swing.JButton[name='5,8', text='', enabled=true, visible=true, showing=false]&#10;              javax.swing.JButton[name='6,8', text='', enabled=true, visible=true, showing=false]&#10;              javax.swing.JButton[name='7,8', text='', enabled=true, visible=true, showing=false]&#10;              javax.swing.JButton[name='8,8', text='', enabled=true, visible=true, showing=false]&#10;            javax.swing.JPanel[name=null]&#10;              javax.swing.JPanel[name=null]&#10;                javax.swing.JLabel[name=null, text='', enabled=true, visible=true, showing=false]&#10;                javax.swing.JLabel[name=null, text='  0  ', enabled=true, visible=true, showing=false]&#10;              javax.swing.JPanel[name=null]&#10;                javax.swing.JLabel[name=null, text='  10  ', enabled=true, visible=true, showing=false]&#10;                javax.swing.JLabel[name=null, text='', enabled=true, visible=true, showing=false]&#10;  javax.swing.JDialog[name='dialog0', title='Minesweeper Statistics - Haris Muneer', enabled=true, modal=true, visible=false, showing=false]&#10;    javax.swing.JRootPane[]&#10;      javax.swing.JPanel[name='null.glassPane']&#10;      javax.swing.JLayeredPane[]&#10;        javax.swing.JPanel[name='null.contentPane']&#10;          javax.swing.JPanel[name=null]&#10;            javax.swing.JPanel[name=null]&#10;              javax.swing.JLabel[name=null, text='                               ', enabled=true, visible=true, showing=false]&#10;            javax.swing.JPanel[name=null]&#10;              javax.swing.JLabel[name=null, text='  Games Played:  0', enabled=true, visible=true, showing=false]&#10;              javax.swing.JLabel[name=null, text='  Games Won:  0', enabled=true, visible=true, showing=false]&#10;              javax.swing.JLabel[name=null, text='  Win Percentage:  0%', enabled=true, visible=true, showing=false]&#10;              javax.swing.JLabel[name=null, text='  Longest Winning Streak:  0', enabled=true, visible=true, showing=false]&#10;              javax.swing.JLabel[name=null, text='  Longest Losing Streak:  0', enabled=true, visible=true, showing=false]&#10;              javax.swing.JLabel[name=null, text='  Current Streak:  0', enabled=true, visible=true, showing=false]&#10;            javax.swing.JPanel[name=null]&#10;              javax.swing.JButton[name=null, text='Close', enabled=true, visible=true, showing=false]&#10;              javax.swing.JButton[name=null, text='Reset', enabled=false, visible=true, showing=false]&#10;src.minesweeper.UI[name='frame1', title='Minesweeper ~ Developed by Haris Muneer', enabled=true, visible=false, showing=false]&#10;  javax.swing.JRootPane[]&#10;    javax.swing.JPanel[name='null.glassPane']&#10;    javax.swing.JLayeredPane[]&#10;      javax.swing.JPanel[name='null.contentPane']&#10;        javax.swing.JLabel[name=null, text=null, enabled=true, visible=true, showing=false]&#10;          javax.swing.JMenuBar[]&#10;            javax.swing.JMenu[name=null, text='Game', selected=false, enabled=true, visible=true, showing=false]&#10;              javax.swing.JPopupMenu[name=null, label=null, enabled=true, visible=false, showing=false]&#10;                javax.swing.JMenuItem[name='New Game', text='   New Game', selected=false, enabled=true, visible=true, showing=false]&#10;                javax.swing.JMenuItem[name='Statistics', text='   Statistics', selected=false, enabled=true, visible=true, showing=false]&#10;                javax.swing.JMenuItem[name='Exit', text='   Exit', selected=false, enabled=true, visible=true, showing=false]&#10;          javax.swing.JPanel[name=null]&#10;            javax.swing.JPanel[name=null]&#10;              javax.swing.JButton[name='0,0', text='', enabled=true, visible=true, showing=false]&#10;              javax.swing.JButton[name='1,0', text='', enabled=true, visible=true, showing=false]&#10;              javax.swing.JButton[name='2,0', text='', enabled=true, visible=true, showing=false]&#10;              javax.swing.JButton[name='3,0', text='', enabled=true, visible=true, showing=false]&#10;              javax.swing.JButton[name='4,0', text='', enabled=true, visible=true, showing=false]&#10;              javax.swing.JButton[name='5,0', text='', enabled=true, visible=true, showing=false]&#10;              javax.swing.JButton[name='6,0', text='', enabled=true, visible=true, showing=false]&#10;              javax.swing.JButton[name='7,0', text='', enabled=true, visible=true, showing=false]&#10;              javax.swing.JButton[name='8,0', text='', enabled=true, visible=true, showing=false]&#10;              javax.swing.JButton[name='0,1', text='', enabled=true, visible=true, showing=false]&#10;              javax.swing.JButton[name='1,1', text='', enabled=true, visible=true, showing=false]&#10;              javax.swing.JButton[name='2,1', text='', enabled=true, visible=true, showing=false]&#10;              javax.swing.JButton[name='3,1', text='', enabled=true, visible=true, showing=false]&#10;              javax.swing.JButton[name='4,1', text='', enabled=true, visible=true, showing=false]&#10;              javax.swing.JButton[name='5,1', text='', enabled=true, visible=true, showing=false]&#10;              javax.swing.JButton[name='6,1', text='', enabled=true, visible=true, showing=false]&#10;              javax.swing.JButton[name='7,1', text='', enabled=true, visible=true, showing=false]&#10;              javax.swing.JButton[name='8,1', text='', enabled=true, visible=true, showing=false]&#10;              javax.swing.JButton[name='0,2', text='', enabled=true, visible=true, showing=false]&#10;              javax.swing.JButton[name='1,2', text='', enabled=true, visible=true, showing=false]&#10;              javax.swing.JButton[name='2,2', text='', enabled=true, visible=true, showing=false]&#10;              javax.swing.JButton[name='3,2', text='', enabled=true, visible=true, showing=false]&#10;              javax.swing.JButton[name='4,2', text='', enabled=true, visible=true, showing=false]&#10;              javax.swing.JButton[name='5,2', text='', enabled=true, visible=true, showing=false]&#10;              javax.swing.JButton[name='6,2', text='', enabled=true, visible=true, showing=false]&#10;              javax.swing.JButton[name='7,2', text='', enabled=true, visible=true, showing=false]&#10;              javax.swing.JButton[name='8,2', text='', enabled=true, visible=true, showing=false]&#10;              javax.swing.JButton[name='0,3', text='', enabled=true, visible=true, showing=false]&#10;              javax.swing.JButton[name='1,3', text='', enabled=true, visible=true, showing=false]&#10;              javax.swing.JButton[name='2,3', text='', enabled=true, visible=true, showing=false]&#10;              javax.swing.JButton[name='3,3', text='', enabled=true, visible=true, showing=false]&#10;              javax.swing.JButton[name='4,3', text='', enabled=true, visible=true, showing=false]&#10;              javax.swing.JButton[name='5,3', text='', enabled=true, visible=true, showing=false]&#10;              javax.swing.JButton[name='6,3', text='', enabled=true, visible=true, showing=false]&#10;              javax.swing.JButton[name='7,3', text='', enabled=true, visible=true, showing=false]&#10;              javax.swing.JButton[name='8,3', text='', enabled=true, visible=true, showing=false]&#10;              javax.swing.JButton[name='0,4', text='', enabled=true, visible=true, showing=false]&#10;              javax.swing.JButton[name='1,4', text='', enabled=true, visible=true, showing=false]&#10;              javax.swing.JButton[name='2,4', text='', enabled=true, visible=true, showing=false]&#10;              javax.swing.JButton[name='3,4', text='', enabled=true, visible=true, showing=false]&#10;              javax.swing.JButton[name='4,4', text='', enabled=true, visible=true, showing=false]&#10;              javax.swing.JButton[name='5,4', text='', enabled=true, visible=true, showing=false]&#10;              javax.swing.JButton[name='6,4', text='', enabled=true, visible=true, showing=false]&#10;              javax.swing.JButton[name='7,4', text='', enabled=true, visible=true, showing=false]&#10;              javax.swing.JButton[name='8,4', text='', enabled=true, visible=true, showing=false]&#10;              javax.swing.JButton[name='0,5', text='', enabled=true, visible=true, showing=false]&#10;              javax.swing.JButton[name='1,5', text='', enabled=true, visible=true, showing=false]&#10;              javax.swing.JButton[name='2,5', text='', enabled=true, visible=true, showing=false]&#10;              javax.swing.JButton[name='3,5', text='', enabled=true, visible=true, showing=false]&#10;              javax.swing.JButton[name='4,5', text='', enabled=true, visible=true, showing=false]&#10;              javax.swing.JButton[name='5,5', text='', enabled=true, visible=true, showing=false]&#10;              javax.swing.JButton[name='6,5', text='', enabled=true, visible=true, showing=false]&#10;              javax.swing.JButton[name='7,5', text='', enabled=true, visible=true, showing=false]&#10;              javax.swing.JButton[name='8,5', text='', enabled=true, visible=true, showing=false]&#10;              javax.swing.JButton[name='0,6', text='', enabled=true, visible=true, showing=false]&#10;              javax.swing.JButton[name='1,6', text='', enabled=true, visible=true, showing=false]&#10;              javax.swing.JButton[name='2,6', text='', enabled=true, visible=true, showing=false]&#10;              javax.swing.JButton[name='3,6', text='', enabled=true, visible=true, showing=false]&#10;              javax.swing.JButton[name='4,6', text='', enabled=true, visible=true, showing=false]&#10;              javax.swing.JButton[name='5,6', text='', enabled=true, visible=true, showing=false]&#10;              javax.swing.JButton[name='6,6', text='', enabled=true, visible=true, showing=false]&#10;              javax.swing.JButton[name='7,6', text='', enabled=true, visible=true, showing=false]&#10;              javax.swing.JButton[name='8,6', text='', enabled=true, visible=true, showing=false]&#10;              javax.swing.JButton[name='0,7', text='', enabled=true, visible=true, showing=false]&#10;              javax.swing.JButton[name='1,7', text='', enabled=true, visible=true, showing=false]&#10;              javax.swing.JButton[name='2,7', text='', enabled=true, visible=true, showing=false]&#10;              javax.swing.JButton[name='3,7', text='', enabled=true, visible=true, showing=false]&#10;              javax.swing.JButton[name='4,7', text='', enabled=true, visible=true, showing=false]&#10;              javax.swing.JButton[name='5,7', text='', enabled=true, visible=true, showing=false]&#10;              javax.swing.JButton[name='6,7', text='', enabled=true, visible=true, showing=false]&#10;              javax.swing.JButton[name='7,7', text='', enabled=true, visible=true, showing=false]&#10;              javax.swing.JButton[name='8,7', text='', enabled=true, visible=true, showing=false]&#10;              javax.swing.JButton[name='0,8', text='', enabled=true, visible=true, showing=false]&#10;              javax.swing.JButton[name='1,8', text='', enabled=true, visible=true, showing=false]&#10;              javax.swing.JButton[name='2,8', text='', enabled=true, visible=true, showing=false]&#10;              javax.swing.JButton[name='3,8', text='', enabled=true, visible=true, showing=false]&#10;              javax.swing.JButton[name='4,8', text='', enabled=true, visible=true, showing=false]&#10;              javax.swing.JButton[name='5,8', text='', enabled=true, visible=true, showing=false]&#10;              javax.swing.JButton[name='6,8', text='', enabled=true, visible=true, showing=false]&#10;              javax.swing.JButton[name='7,8', text='', enabled=true, visible=true, showing=false]&#10;              javax.swing.JButton[name='8,8', text='', enabled=true, visible=true, showing=false]&#10;            javax.swing.JPanel[name=null]&#10;              javax.swing.JPanel[name=null]&#10;                javax.swing.JLabel[name=null, text='', enabled=true, visible=true, showing=false]&#10;                javax.swing.JLabel[name=null, text='  0  ', enabled=true, visible=true, showing=false]&#10;              javax.swing.JPanel[name=null]&#10;                javax.swing.JLabel[name=null, text='  10  ', enabled=true, visible=true, showing=false]&#10;                javax.swing.JLabel[name=null, text='', enabled=true, visible=true, showing=false]&#10;src.minesweeper.UI[name='frame2', title='Minesweeper ~ Developed by Haris Muneer', enabled=true, visible=false, showing=false]&#10;  javax.swing.JRootPane[]&#10;    javax.swing.JPanel[name='null.glassPane']&#10;    javax.swing.JLayeredPane[]&#10;      javax.swing.JPanel[name='null.contentPane']&#10;        javax.swing.JLabel[name=null, text=null, enabled=true, visible=true, showing=false]&#10;          javax.swing.JMenuBar[]&#10;            javax.swing.JMenu[name=null, text='Game', selected=false, enabled=true, visible=true, showing=false]&#10;              javax.swing.JPopupMenu[name=null, label=null, enabled=true, visible=false, showing=false]&#10;                javax.swing.JMenuItem[name='New Game', text='   New Game', selected=false, enabled=true, visible=true, showing=false]&#10;                javax.swing.JMenuItem[name='Statistics', text='   Statistics', selected=false, enabled=true, visible=true, showing=false]&#10;                javax.swing.JMenuItem[name='Exit', text='   Exit', selected=false, enabled=true, visible=true, showing=false]&#10;          javax.swing.JPanel[name=null]&#10;            javax.swing.JPanel[name=null]&#10;              javax.swing.JButton[name='0,0', text='', enabled=true, visible=true, showing=false]&#10;              javax.swing.JButton[name='1,0', text='', enabled=true, visible=true, showing=false]&#10;              javax.swing.JButton[name='2,0', text='', enabled=true, visible=true, showing=false]&#10;              javax.swing.JButton[name='3,0', text='', enabled=true, visible=true, showing=false]&#10;              javax.swing.JButton[name='4,0', text='', enabled=true, visible=true, showing=false]&#10;              javax.swing.JButton[name='5,0', text='', enabled=true, visible=true, showing=false]&#10;              javax.swing.JButton[name='6,0', text='', enabled=true, visible=true, showing=false]&#10;              javax.swing.JButton[name='7,0', text='', enabled=true, visible=true, showing=false]&#10;              javax.swing.JButton[name='8,0', text='', enabled=true, visible=true, showing=false]&#10;              javax.swing.JButton[name='0,1', text='', enabled=true, visible=true, showing=false]&#10;              javax.swing.JButton[name='1,1', text='', enabled=true, visible=true, showing=false]&#10;              javax.swing.JButton[name='2,1', text='', enabled=true, visible=true, showing=false]&#10;              javax.swing.JButton[name='3,1', text='', enabled=true, visible=true, showing=false]&#10;              javax.swing.JButton[name='4,1', text='', enabled=true, visible=true, showing=false]&#10;              javax.swing.JButton[name='5,1', text='', enabled=true, visible=true, showing=false]&#10;              javax.swing.JButton[name='6,1', text='', enabled=true, visible=true, showing=false]&#10;              javax.swing.JButton[name='7,1', text='', enabled=true, visible=true, showing=false]&#10;              javax.swing.JButton[name='8,1', text='', enabled=true, visible=true, showing=false]&#10;              javax.swing.JButton[name='0,2', text='', enabled=true, visible=true, showing=false]&#10;              javax.swing.JButton[name='1,2', text='', enabled=true, visible=true, showing=false]&#10;              javax.swing.JButton[name='2,2', text='', enabled=true, visible=true, showing=false]&#10;              javax.swing.JButton[name='3,2', text='', enabled=true, visible=true, showing=false]&#10;              javax.swing.JButton[name='4,2', text='', enabled=true, visible=true, showing=false]&#10;              javax.swing.JButton[name='5,2', text='', enabled=true, visible=true, showing=false]&#10;              javax.swing.JButton[name='6,2', text='', enabled=true, visible=true, showing=false]&#10;              javax.swing.JButton[name='7,2', text='', enabled=true, visible=true, showing=false]&#10;              javax.swing.JButton[name='8,2', text='', enabled=true, visible=true, showing=false]&#10;              javax.swing.JButton[name='0,3', text='', enabled=true, visible=true, showing=false]&#10;              javax.swing.JButton[name='1,3', text='', enabled=true, visible=true, showing=false]&#10;              javax.swing.JButton[name='2,3', text='', enabled=true, visible=true, showing=false]&#10;              javax.swing.JButton[name='3,3', text='', enabled=true, visible=true, showing=false]&#10;              javax.swing.JButton[name='4,3', text='', enabled=true, visible=true, showing=false]&#10;              javax.swing.JButton[name='5,3', text='', enabled=true, visible=true, showing=false]&#10;              javax.swing.JButton[name='6,3', text='', enabled=true, visible=true, showing=false]&#10;              javax.swing.JButton[name='7,3', text='', enabled=true, visible=true, showing=false]&#10;              javax.swing.JButton[name='8,3', text='', enabled=true, visible=true, showing=false]&#10;              javax.swing.JButton[name='0,4', text='', enabled=true, visible=true, showing=false]&#10;              javax.swing.JButton[name='1,4', text='', enabled=true, visible=true, showing=false]&#10;              javax.swing.JButton[name='2,4', text='', enabled=true, visible=true, showing=false]&#10;              javax.swing.JButton[name='3,4', text='', enabled=true, visible=true, showing=false]&#10;              javax.swing.JButton[name='4,4', text='', enabled=true, visible=true, showing=false]&#10;              javax.swing.JButton[name='5,4', text='', enabled=true, visible=true, showing=false]&#10;              javax.swing.JButton[name='6,4', text='', enabled=true, visible=true, showing=false]&#10;              javax.swing.JButton[name='7,4', text='', enabled=true, visible=true, showing=false]&#10;              javax.swing.JButton[name='8,4', text='', enabled=true, visible=true, showing=false]&#10;              javax.swing.JButton[name='0,5', text='', enabled=true, visible=true, showing=false]&#10;              javax.swing.JButton[name='1,5', text='', enabled=true, visible=true, showing=false]&#10;              javax.swing.JButton[name='2,5', text='', enabled=true, visible=true, showing=false]&#10;              javax.swing.JButton[name='3,5', text='', enabled=true, visible=true, showing=false]&#10;              javax.swing.JButton[name='4,5', text='', enabled=true, visible=true, showing=false]&#10;              javax.swing.JButton[name='5,5', text='', enabled=true, visible=true, showing=false]&#10;              javax.swing.JButton[name='6,5', text='', enabled=true, visible=true, showing=false]&#10;              javax.swing.JButton[name='7,5', text='', enabled=true, visible=true, showing=false]&#10;              javax.swing.JButton[name='8,5', text='', enabled=true, visible=true, showing=false]&#10;              javax.swing.JButton[name='0,6', text='', enabled=true, visible=true, showing=false]&#10;              javax.swing.JButton[name='1,6', text='', enabled=true, visible=true, showing=false]&#10;              javax.swing.JButton[name='2,6', text='', enabled=true, visible=true, showing=false]&#10;              javax.swing.JButton[name='3,6', text='', enabled=true, visible=true, showing=false]&#10;              javax.swing.JButton[name='4,6', text='', enabled=true, visible=true, showing=false]&#10;              javax.swing.JButton[name='5,6', text='', enabled=true, visible=true, showing=false]&#10;              javax.swing.JButton[name='6,6', text='', enabled=true, visible=true, showing=false]&#10;              javax.swing.JButton[name='7,6', text='', enabled=true, visible=true, showing=false]&#10;              javax.swing.JButton[name='8,6', text='', enabled=true, visible=true, showing=false]&#10;              javax.swing.JButton[name='0,7', text='', enabled=true, visible=true, showing=false]&#10;              javax.swing.JButton[name='1,7', text='', enabled=true, visible=true, showing=false]&#10;              javax.swing.JButton[name='2,7', text='', enabled=true, visible=true, showing=false]&#10;              javax.swing.JButton[name='3,7', text='', enabled=true, visible=true, showing=false]&#10;              javax.swing.JButton[name='4,7', text='', enabled=true, visible=true, showing=false]&#10;              javax.swing.JButton[name='5,7', text='', enabled=true, visible=true, showing=false]&#10;              javax.swing.JButton[name='6,7', text='', enabled=true, visible=true, showing=false]&#10;              javax.swing.JButton[name='7,7', text='', enabled=true, visible=true, showing=false]&#10;              javax.swing.JButton[name='8,7', text='', enabled=true, visible=true, showing=false]&#10;              javax.swing.JButton[name='0,8', text='', enabled=true, visible=true, showing=false]&#10;              javax.swing.JButton[name='1,8', text='', enabled=true, visible=true, showing=false]&#10;              javax.swing.JButton[name='2,8', text='', enabled=true, visible=true, showing=false]&#10;              javax.swing.JButton[name='3,8', text='', enabled=true, visible=true, showing=false]&#10;              javax.swing.JButton[name='4,8', text='', enabled=true, visible=true, showing=false]&#10;              javax.swing.JButton[name='5,8', text='', enabled=true, visible=true, showing=false]&#10;              javax.swing.JButton[name='6,8', text='', enabled=true, visible=true, showing=false]&#10;              javax.swing.JButton[name='7,8', text='', enabled=true, visible=true, showing=false]&#10;              javax.swing.JButton[name='8,8', text='', enabled=true, visible=true, showing=false]&#10;            javax.swing.JPanel[name=null]&#10;              javax.swing.JPanel[name=null]&#10;                javax.swing.JLabel[name=null, text='', enabled=true, visible=true, showing=false]&#10;                javax.swing.JLabel[name=null, text='  0  ', enabled=true, visible=true, showing=false]&#10;              javax.swing.JPanel[name=null]&#10;                javax.swing.JLabel[name=null, text='  10  ', enabled=true, visible=true, showing=false]&#10;                javax.swing.JLabel[name=null, text='', enabled=true, visible=true, showing=false]&#10;  javax.swing.JDialog[name='dialog1', title='Minesweeper Statistics - Haris Muneer', enabled=true, modal=true, visible=false, showing=false]&#10;    javax.swing.JRootPane[]&#10;      javax.swing.JPanel[name='null.glassPane']&#10;      javax.swing.JLayeredPane[]&#10;        javax.swing.JPanel[name='null.contentPane']&#10;          javax.swing.JPanel[name=null]&#10;            javax.swing.JPanel[name=null]&#10;              javax.swing.JLabel[name=null, text='                               ', enabled=true, visible=true, showing=false]&#10;            javax.swing.JPanel[name=null]&#10;              javax.swing.JLabel[name=null, text='  Games Played:  0', enabled=true, visible=true, showing=false]&#10;              javax.swing.JLabel[name=null, text='  Games Won:  0', enabled=true, visible=true, showing=false]&#10;              javax.swing.JLabel[name=null, text='  Win Percentage:  0%', enabled=true, visible=true, showing=false]&#10;              javax.swing.JLabel[name=null, text='  Longest Winning Streak:  0', enabled=true, visible=true, showing=false]&#10;              javax.swing.JLabel[name=null, text='  Longest Losing Streak:  0', enabled=true, visible=true, showing=false]&#10;              javax.swing.JLabel[name=null, text='  Current Streak:  0', enabled=true, visible=true, showing=false]&#10;            javax.swing.JPanel[name=null]&#10;              javax.swing.JButton[name=null, text='Close', enabled=true, visible=true, showing=false]&#10;              javax.swing.JButton[name=null, text='Reset', enabled=false, visible=true, showing=false]&#10;src.minesweeper.UI[name='frame3', title='Minesweeper ~ Developed by Haris Muneer', enabled=true, visible=false, showing=false]&#10;  javax.swing.JRootPane[]&#10;    javax.swing.JPanel[name='null.glassPane']&#10;    javax.swing.JLayeredPane[]&#10;      javax.swing.JPanel[name='null.contentPane']&#10;        javax.swing.JLabel[name=null, text=null, enabled=true, visible=true, showing=false]&#10;          javax.swing.JMenuBar[]&#10;            javax.swing.JMenu[name=null, text='Game', selected=false, enabled=true, visible=true, showing=false]&#10;              javax.swing.JPopupMenu[name=null, label=null, enabled=true, visible=false, showing=false]&#10;                javax.swing.JMenuItem[name='New Game', text='   New Game', selected=false, enabled=true, visible=true, showing=false]&#10;                javax.swing.JMenuItem[name='Statistics', text='   Statistics', selected=false, enabled=true, visible=true, showing=false]&#10;                javax.swing.JMenuItem[name='Exit', text='   Exit', selected=false, enabled=true, visible=true, showing=false]&#10;          javax.swing.JPanel[name=null]&#10;            javax.swing.JPanel[name=null]&#10;              javax.swing.JButton[name='0,0', text='', enabled=true, visible=true, showing=false]&#10;              javax.swing.JButton[name='1,0', text='', enabled=true, visible=true, showing=false]&#10;              javax.swing.JButton[name='2,0', text='', enabled=true, visible=true, showing=false]&#10;              javax.swing.JButton[name='3,0', text='', enabled=true, visible=true, showing=false]&#10;              javax.swing.JButton[name='4,0', text='', enabled=true, visible=true, showing=false]&#10;              javax.swing.JButton[name='5,0', text='', enabled=true, visible=true, showing=false]&#10;              javax.swing.JButton[name='6,0', text='', enabled=true, visible=true, showing=false]&#10;              javax.swing.JButton[name='7,0', text='', enabled=true, visible=true, showing=false]&#10;              javax.swing.JButton[name='8,0', text='', enabled=true, visible=true, showing=false]&#10;              javax.swing.JButton[name='0,1', text='', enabled=true, visible=true, showing=false]&#10;              javax.swing.JButton[name='1,1', text='', enabled=true, visible=true, showing=false]&#10;              javax.swing.JButton[name='2,1', text='', enabled=true, visible=true, showing=false]&#10;              javax.swing.JButton[name='3,1', text='', enabled=true, visible=true, showing=false]&#10;              javax.swing.JButton[name='4,1', text='', enabled=true, visible=true, showing=false]&#10;              javax.swing.JButton[name='5,1', text='', enabled=true, visible=true, showing=false]&#10;              javax.swing.JButton[name='6,1', text='', enabled=true, visible=true, showing=false]&#10;              javax.swing.JButton[name='7,1', text='', enabled=true, visible=true, showing=false]&#10;              javax.swing.JButton[name='8,1', text='', enabled=true, visible=true, showing=false]&#10;              javax.swing.JButton[name='0,2', text='', enabled=true, visible=true, showing=false]&#10;              javax.swing.JButton[name='1,2', text='', enabled=true, visible=true, showing=false]&#10;              javax.swing.JButton[name='2,2', text='', enabled=true, visible=true, showing=false]&#10;              javax.swing.JButton[name='3,2', text='', enabled=true, visible=true, showing=false]&#10;              javax.swing.JButton[name='4,2', text='', enabled=true, visible=true, showing=false]&#10;              javax.swing.JButton[name='5,2', text='', enabled=true, visible=true, showing=false]&#10;              javax.swing.JButton[name='6,2', text='', enabled=true, visible=true, showing=false]&#10;              javax.swing.JButton[name='7,2', text='', enabled=true, visible=true, showing=false]&#10;              javax.swing.JButton[name='8,2', text='', enabled=true, visible=true, showing=false]&#10;              javax.swing.JButton[name='0,3', text='', enabled=true, visible=true, showing=false]&#10;              javax.swing.JButton[name='1,3', text='', enabled=true, visible=true, showing=false]&#10;              javax.swing.JButton[name='2,3', text='', enabled=true, visible=true, showing=false]&#10;              javax.swing.JButton[name='3,3', text='', enabled=true, visible=true, showing=false]&#10;              javax.swing.JButton[name='4,3', text='', enabled=true, visible=true, showing=false]&#10;              javax.swing.JButton[name='5,3', text='', enabled=true, visible=true, showing=false]&#10;              javax.swing.JButton[name='6,3', text='', enabled=true, visible=true, showing=false]&#10;              javax.swing.JButton[name='7,3', text='', enabled=true, visible=true, showing=false]&#10;              javax.swing.JButton[name='8,3', text='', enabled=true, visible=true, showing=false]&#10;              javax.swing.JButton[name='0,4', text='', enabled=true, visible=true, showing=false]&#10;              javax.swing.JButton[name='1,4', text='', enabled=true, visible=true, showing=false]&#10;              javax.swing.JButton[name='2,4', text='', enabled=true, visible=true, showing=false]&#10;              javax.swing.JButton[name='3,4', text='', enabled=true, visible=true, showing=false]&#10;              javax.swing.JButton[name='4,4', text='', enabled=true, visible=true, showing=false]&#10;              javax.swing.JButton[name='5,4', text='', enabled=true, visible=true, showing=false]&#10;              javax.swing.JButton[name='6,4', text='', enabled=true, visible=true, showing=false]&#10;              javax.swing.JButton[name='7,4', text='', enabled=true, visible=true, showing=false]&#10;              javax.swing.JButton[name='8,4', text='', enabled=true, visible=true, showing=false]&#10;              javax.swing.JButton[name='0,5', text='', enabled=true, visible=true, showing=false]&#10;              javax.swing.JButton[name='1,5', text='', enabled=true, visible=true, showing=false]&#10;              javax.swing.JButton[name='2,5', text='', enabled=true, visible=true, showing=false]&#10;              javax.swing.JButton[name='3,5', text='', enabled=true, visible=true, showing=false]&#10;              javax.swing.JButton[name='4,5', text='', enabled=true, visible=true, showing=false]&#10;              javax.swing.JButton[name='5,5', text='', enabled=true, visible=true, showing=false]&#10;              javax.swing.JButton[name='6,5', text='', enabled=true, visible=true, showing=false]&#10;              javax.swing.JButton[name='7,5', text='', enabled=true, visible=true, showing=false]&#10;              javax.swing.JButton[name='8,5', text='', enabled=true, visible=true, showing=false]&#10;              javax.swing.JButton[name='0,6', text='', enabled=true, visible=true, showing=false]&#10;              javax.swing.JButton[name='1,6', text='', enabled=true, visible=true, showing=false]&#10;              javax.swing.JButton[name='2,6', text='', enabled=true, visible=true, showing=false]&#10;              javax.swing.JButton[name='3,6', text='', enabled=true, visible=true, showing=false]&#10;              javax.swing.JButton[name='4,6', text='', enabled=true, visible=true, showing=false]&#10;              javax.swing.JButton[name='5,6', text='', enabled=true, visible=true, showing=false]&#10;              javax.swing.JButton[name='6,6', text='', enabled=true, visible=true, showing=false]&#10;              javax.swing.JButton[name='7,6', text='', enabled=true, visible=true, showing=false]&#10;              javax.swing.JButton[name='8,6', text='', enabled=true, visible=true, showing=false]&#10;              javax.swing.JButton[name='0,7', text='', enabled=true, visible=true, showing=false]&#10;              javax.swing.JButton[name='1,7', text='', enabled=true, visible=true, showing=false]&#10;              javax.swing.JButton[name='2,7', text='', enabled=true, visible=true, showing=false]&#10;              javax.swing.JButton[name='3,7', text='', enabled=true, visible=true, showing=false]&#10;              javax.swing.JButton[name='4,7', text='', enabled=true, visible=true, showing=false]&#10;              javax.swing.JButton[name='5,7', text='', enabled=true, visible=true, showing=false]&#10;              javax.swing.JButton[name='6,7', text='', enabled=true, visible=true, showing=false]&#10;              javax.swing.JButton[name='7,7', text='', enabled=true, visible=true, showing=false]&#10;              javax.swing.JButton[name='8,7', text='', enabled=true, visible=true, showing=false]&#10;              javax.swing.JButton[name='0,8', text='', enabled=true, visible=true, showing=false]&#10;              javax.swing.JButton[name='1,8', text='', enabled=true, visible=true, showing=false]&#10;              javax.swing.JButton[name='2,8', text='', enabled=true, visible=true, showing=false]&#10;              javax.swing.JButton[name='3,8', text='', enabled=true, visible=true, showing=false]&#10;              javax.swing.JButton[name='4,8', text='', enabled=true, visible=true, showing=false]&#10;              javax.swing.JButton[name='5,8', text='', enabled=true, visible=true, showing=false]&#10;              javax.swing.JButton[name='6,8', text='', enabled=true, visible=true, showing=false]&#10;              javax.swing.JButton[name='7,8', text='', enabled=true, visible=true, showing=false]&#10;              javax.swing.JButton[name='8,8', text='', enabled=true, visible=true, showing=false]&#10;            javax.swing.JPanel[name=null]&#10;              javax.swing.JPanel[name=null]&#10;                javax.swing.JLabel[name=null, text='', enabled=true, visible=true, showing=false]&#10;                javax.swing.JLabel[name=null, text='  0  ', enabled=true, visible=true, showing=false]&#10;              javax.swing.JPanel[name=null]&#10;                javax.swing.JLabel[name=null, text='  10  ', enabled=true, visible=true, showing=false]&#10;                javax.swing.JLabel[name=null, text='', enabled=true, visible=true, showing=false]&#10;  javax.swing.JDialog[name='dialog2', title='Game Lost', enabled=true, modal=true, visible=false, showing=false]&#10;    javax.swing.JRootPane[]&#10;      javax.swing.JPanel[name='null.glassPane']&#10;      javax.swing.JLayeredPane[]&#10;        javax.swing.JPanel[name='null.contentPane']&#10;          javax.swing.JPanel[name=null]&#10;            javax.swing.JLabel[name=null, text='Sorry, you lost this game. Better luck next time!', enabled=true, visible=true, showing=false]&#10;            javax.swing.JPanel[name=null]&#10;              javax.swing.JLabel[name=null, text='  Time:  1 seconds', enabled=true, visible=true, showing=false]&#10;              javax.swing.JLabel[name=null, text='                        ', enabled=true, visible=true, showing=false]&#10;              javax.swing.JLabel[name=null, text='  Games Played:  1', enabled=true, visible=true, showing=false]&#10;              javax.swing.JLabel[name=null, text='  Games Won:  0', enabled=true, visible=true, showing=false]&#10;              javax.swing.JLabel[name=null, text='  Win Percentage:  0%', enabled=true, visible=true, showing=false]&#10;            javax.swing.JPanel[name=null]&#10;              javax.swing.JButton[name=null, text='Exit', enabled=true, visible=true, showing=false]&#10;              javax.swing.JButton[name=null, text='Restart', enabled=true, visible=true, showing=false]&#10;              javax.swing.JButton[name=null, text='Play Again', enabled=true, visible=true, showing=false]&#10;src.minesweeper.UI[name='frame4', title='Minesweeper ~ Developed by Haris Muneer', enabled=true, visible=false, showing=false]&#10;  javax.swing.JRootPane[]&#10;    javax.swing.JPanel[name='null.glassPane']&#10;    javax.swing.JLayeredPane[]&#10;      javax.swing.JPanel[name='null.contentPane']&#10;        javax.swing.JLabel[name=null, text=null, enabled=true, visible=true, showing=false]&#10;          javax.swing.JMenuBar[]&#10;            javax.swing.JMenu[name=null, text='Game', selected=false, enabled=true, visible=true, showing=false]&#10;              javax.swing.JPopupMenu[name=null, label=null, enabled=true, visible=false, showing=false]&#10;                javax.swing.JMenuItem[name='New Game', text='   New Game', selected=false, enabled=true, visible=true, showing=false]&#10;                javax.swing.JMenuItem[name='Statistics', text='   Statistics', selected=false, enabled=true, visible=true, showing=false]&#10;                javax.swing.JMenuItem[name='Exit', text='   Exit', selected=false, enabled=true, visible=true, showing=false]&#10;          javax.swing.JPanel[name=null]&#10;            javax.swing.JPanel[name=null]&#10;              javax.swing.JButton[name='0,0', text='', enabled=true, visible=true, showing=false]&#10;              javax.swing.JButton[name='1,0', text='', enabled=true, visible=true, showing=false]&#10;              javax.swing.JButton[name='2,0', text='', enabled=true, visible=true, showing=false]&#10;              javax.swing.JButton[name='3,0', text='1', enabled=true, visible=true, showing=false]&#10;              javax.swing.JButton[name='4,0', text='', enabled=true, visible=true, showing=false]&#10;              javax.swing.JButton[name='5,0', text='', enabled=true, visible=true, showing=false]&#10;              javax.swing.JButton[name='6,0', text='', enabled=true, visible=true, showing=false]&#10;              javax.swing.JButton[name='7,0', text='', enabled=true, visible=true, showing=false]&#10;              javax.swing.JButton[name='8,0', text='', enabled=true, visible=true, showing=false]&#10;              javax.swing.JButton[name='0,1', text='', enabled=true, visible=true, showing=false]&#10;              javax.swing.JButton[name='1,1', text='', enabled=true, visible=true, showing=false]&#10;              javax.swing.JButton[name='2,1', text='', enabled=true, visible=true, showing=false]&#10;              javax.swing.JButton[name='3,1', text='2', enabled=true, visible=true, showing=false]&#10;              javax.swing.JButton[name='4,1', text='', enabled=true, visible=true, showing=false]&#10;              javax.swing.JButton[name='5,1', text='', enabled=true, visible=true, showing=false]&#10;              javax.swing.JButton[name='6,1', text='', enabled=true, visible=true, showing=false]&#10;              javax.swing.JButton[name='7,1', text='', enabled=true, visible=true, showing=false]&#10;              javax.swing.JButton[name='8,1', text='', enabled=true, visible=true, showing=false]&#10;              javax.swing.JButton[name='0,2', text='', enabled=true, visible=true, showing=false]&#10;              javax.swing.JButton[name='1,2', text='1', enabled=true, visible=true, showing=false]&#10;              javax.swing.JButton[name='2,2', text='1', enabled=true, visible=true, showing=false]&#10;              javax.swing.JButton[name='3,2', text='3', enabled=true, visible=true, showing=false]&#10;              javax.swing.JButton[name='4,2', text='', enabled=true, visible=true, showing=false]&#10;              javax.swing.JButton[name='5,2', text='', enabled=true, visible=true, showing=false]&#10;              javax.swing.JButton[name='6,2', text='', enabled=true, visible=true, showing=false]&#10;              javax.swing.JButton[name='7,2', text='', enabled=true, visible=true, showing=false]&#10;              javax.swing.JButton[name='8,2', text='', enabled=true, visible=true, showing=false]&#10;              javax.swing.JButton[name='0,3', text='', enabled=true, visible=true, showing=false]&#10;              javax.swing.JButton[name='1,3', text='1', enabled=true, visible=true, showing=false]&#10;              javax.swing.JButton[name='2,3', text='', enabled=true, visible=true, showing=false]&#10;              javax.swing.JButton[name='3,3', text='', enabled=true, visible=true, showing=false]&#10;              javax.swing.JButton[name='4,3', text='', enabled=true, visible=true, showing=false]&#10;              javax.swing.JButton[name='5,3', text='', enabled=true, visible=true, showing=false]&#10;              javax.swing.JButton[name='6,3', text='', enabled=true, visible=true, showing=false]&#10;              javax.swing.JButton[name='7,3', text='', enabled=true, visible=true, showing=false]&#10;              javax.swing.JButton[name='8,3', text='', enabled=true, visible=true, showing=false]&#10;              javax.swing.JButton[name='0,4', text='', enabled=true, visible=true, showing=false]&#10;              javax.swing.JButton[name='1,4', text='1', enabled=true, visible=true, showing=false]&#10;              javax.swing.JButton[name='2,4', text='', enabled=true, visible=true, showing=false]&#10;              javax.swing.JButton[name='3,4', text='', enabled=true, visible=true, showing=false]&#10;              javax.swing.JButton[name='4,4', text='', enabled=true, visible=true, showing=false]&#10;              javax.swing.JButton[name='5,4', text='', enabled=true, visible=true, showing=false]&#10;              javax.swing.JButton[name='6,4', text='', enabled=true, visible=true, showing=false]&#10;              javax.swing.JButton[name='7,4', text='', enabled=true, visible=true, showing=false]&#10;              javax.swing.JButton[name='8,4', text='', enabled=true, visible=true, showing=false]&#10;              javax.swing.JButton[name='0,5', text='1', enabled=true, visible=true, showing=false]&#10;              javax.swing.JButton[name='1,5', text='1', enabled=true, visible=true, showing=false]&#10;              javax.swing.JButton[name='2,5', text='', enabled=true, visible=true, showing=false]&#10;              javax.swing.JButton[name='3,5', text='', enabled=true, visible=true, showing=false]&#10;              javax.swing.JButton[name='4,5', text='', enabled=true, visible=true, showing=false]&#10;              javax.swing.JButton[name='5,5', text='', enabled=true, visible=true, showing=false]&#10;              javax.swing.JButton[name='6,5', text='', enabled=true, visible=true, showing=false]&#10;              javax.swing.JButton[name='7,5', text='', enabled=true, visible=true, showing=false]&#10;              javax.swing.JButton[name='8,5', text='', enabled=true, visible=true, showing=false]&#10;              javax.swing.JButton[name='0,6', text='', enabled=true, visible=true, showing=false]&#10;              javax.swing.JButton[name='1,6', text='', enabled=true, visible=true, showing=false]&#10;              javax.swing.JButton[name='2,6', text='', enabled=true, visible=true, showing=false]&#10;              javax.swing.JButton[name='3,6', text='', enabled=true, visible=true, showing=false]&#10;              javax.swing.JButton[name='4,6', text='', enabled=true, visible=true, showing=false]&#10;              javax.swing.JButton[name='5,6', text='', enabled=true, visible=true, showing=false]&#10;              javax.swing.JButton[name='6,6', text='', enabled=true, visible=true, showing=false]&#10;              javax.swing.JButton[name='7,6', text='', enabled=true, visible=true, showing=false]&#10;              javax.swing.JButton[name='8,6', text='', enabled=true, visible=true, showing=false]&#10;              javax.swing.JButton[name='0,7', text='', enabled=true, visible=true, showing=false]&#10;              javax.swing.JButton[name='1,7', text='', enabled=true, visible=true, showing=false]&#10;              javax.swing.JButton[name='2,7', text='', enabled=true, visible=true, showing=false]&#10;              javax.swing.JButton[name='3,7', text='', enabled=true, visible=true, showing=false]&#10;              javax.swing.JButton[name='4,7', text='', enabled=true, visible=true, showing=false]&#10;              javax.swing.JButton[name='5,7', text='', enabled=true, visible=true, showing=false]&#10;              javax.swing.JButton[name='6,7', text='', enabled=true, visible=true, showing=false]&#10;              javax.swing.JButton[name='7,7', text='', enabled=true, visible=true, showing=false]&#10;              javax.swing.JButton[name='8,7', text='', enabled=true, visible=true, showing=false]&#10;              javax.swing.JButton[name='0,8', text='', enabled=true, visible=true, showing=false]&#10;              javax.swing.JButton[name='1,8', text='', enabled=true, visible=true, showing=false]&#10;              javax.swing.JButton[name='2,8', text='', enabled=true, visible=true, showing=false]&#10;              javax.swing.JButton[name='3,8', text='', enabled=true, visible=true, showing=false]&#10;              javax.swing.JButton[name='4,8', text='', enabled=true, visible=true, showing=false]&#10;              javax.swing.JButton[name='5,8', text='', enabled=true, visible=true, showing=false]&#10;              javax.swing.JButton[name='6,8', text='', enabled=true, visible=true, showing=false]&#10;              javax.swing.JButton[name='7,8', text='', enabled=true, visible=true, showing=false]&#10;              javax.swing.JButton[name='8,8', text='', enabled=true, visible=true, showing=false]&#10;            javax.swing.JPanel[name=null]&#10;              javax.swing.JPanel[name=null]&#10;                javax.swing.JLabel[name=null, text='', enabled=true, visible=true, showing=false]&#10;                javax.swing.JLabel[name=null, text='  11  ', enabled=true, visible=true, showing=false]&#10;              javax.swing.JPanel[name=null]&#10;                javax.swing.JLabel[name=null, text='  10  ', enabled=true, visible=true, showing=false]&#10;                javax.swing.JLabel[name=null, text='', enabled=true, visible=true, showing=false]&#10;" type="org.assertj.swing.exception.WaitTimedOutError">org.assertj.swing.exception.WaitTimedOutError: Timed out waiting for component to be found using matcher GUITest$2@63c8d505
Unable to find component using matcher GUITest$2@63c8d505.

Component hierarchy:
javax.swing.SwingUtilities$SharedOwnerFrame[name='frame6', title='', enabled=true, visible=false, showing=false]
src.minesweeper.UI[name='frame5', title='Minesweeper ~ Developed by Haris Muneer', enabled=true, visible=true, showing=true]
  javax.swing.JRootPane[]
    javax.swing.JPanel[name='null.glassPane']
    javax.swing.JLayeredPane[]
      javax.swing.JPanel[name='null.contentPane']
        javax.swing.JLabel[name=null, text=null, enabled=true, visible=true, showing=true]
          javax.swing.JMenuBar[]
            javax.swing.JMenu[name=null, text='Game', selected=false, enabled=true, visible=true, showing=true]
              javax.swing.JPopupMenu[name=null, label=null, enabled=true, visible=false, showing=false]
                javax.swing.JMenuItem[name='New Game', text='   New Game', selected=false, enabled=true, visible=true, showing=false]
                javax.swing.JMenuItem[name='Statistics', text='   Statistics', selected=false, enabled=true, visible=true, showing=false]
                javax.swing.JMenuItem[name='Exit', text='   Exit', selected=false, enabled=true, visible=true, showing=false]
          javax.swing.JPanel[name=null]
            javax.swing.JPanel[name=null]
              javax.swing.JButton[name='0,0', text='', enabled=true, visible=true, showing=true]
              javax.swing.JButton[name='1,0', text='', enabled=true, visible=true, showing=true]
              javax.swing.JButton[name='2,0', text='', enabled=true, visible=true, showing=true]
              javax.swing.JButton[name='3,0', text='', enabled=true, visible=true, showing=true]
              javax.swing.JButton[name='4,0', text='', enabled=true, visible=true, showing=true]
              javax.swing.JButton[name='5,0', text='', enabled=true, visible=true, showing=true]
              javax.swing.JButton[name='6,0', text='', enabled=true, visible=true, showing=true]
              javax.swing.JButton[name='7,0', text='', enabled=true, visible=true, showing=true]
              javax.swing.JButton[name='8,0', text='', enabled=true, visible=true, showing=true]
              javax.swing.JButton[name='0,1', text='', enabled=true, visible=true, showing=true]
              javax.swing.JButton[name='1,1', text='', enabled=true, visible=true, showing=true]
              javax.swing.JButton[name='2,1', text='', enabled=true, visible=true, showing=true]
              javax.swing.JButton[name='3,1', text='', enabled=true, visible=true, showing=true]
              javax.swing.JButton[name='4,1', text='', enabled=true, visible=true, showing=true]
              javax.swing.JButton[name='5,1', text='', enabled=true, visible=true, showing=true]
              javax.swing.JButton[name='6,1', text='', enabled=true, visible=true, showing=true]
              javax.swing.JButton[name='7,1', text='', enabled=true, visible=true, showing=true]
              javax.swing.JButton[name='8,1', text='', enabled=true, visible=true, showing=true]
              javax.swing.JButton[name='0,2', text='', enabled=true, visible=true, showing=true]
              javax.swing.JButton[name='1,2', text='', enabled=true, visible=true, showing=true]
              javax.swing.JButton[name='2,2', text='', enabled=true, visible=true, showing=true]
              javax.swing.JButton[name='3,2', text='', enabled=true, visible=true, showing=true]
              javax.swing.JButton[name='4,2', text='', enabled=true, visible=true, showing=true]
              javax.swing.JButton[name='5,2', text='', enabled=true, visible=true, showing=true]
              javax.swing.JButton[name='6,2', text='', enabled=true, visible=true, showing=true]
              javax.swing.JButton[name='7,2', text='', enabled=true, visible=true, showing=true]
              javax.swing.JButton[name='8,2', text='', enabled=true, visible=true, showing=true]
              javax.swing.JButton[name='0,3', text='', enabled=true, visible=true, showing=true]
              javax.swing.JButton[name='1,3', text='', enabled=true, visible=true, showing=true]
              javax.swing.JButton[name='2,3', text='', enabled=true, visible=true, showing=true]
              javax.swing.JButton[name='3,3', text='', enabled=true, visible=true, showing=true]
              javax.swing.JButton[name='4,3', text='', enabled=true, visible=true, showing=true]
              javax.swing.JButton[name='5,3', text='', enabled=true, visible=true, showing=true]
              javax.swing.JButton[name='6,3', text='', enabled=true, visible=true, showing=true]
              javax.swing.JButton[name='7,3', text='', enabled=true, visible=true, showing=true]
              javax.swing.JButton[name='8,3', text='', enabled=true, visible=true, showing=true]
              javax.swing.JButton[name='0,4', text='', enabled=true, visible=true, showing=true]
              javax.swing.JButton[name='1,4', text='', enabled=true, visible=true, showing=true]
              javax.swing.JButton[name='2,4', text='', enabled=true, visible=true, showing=true]
              javax.swing.JButton[name='3,4', text='', enabled=true, visible=true, showing=true]
              javax.swing.JButton[name='4,4', text='', enabled=true, visible=true, showing=true]
              javax.swing.JButton[name='5,4', text='', enabled=true, visible=true, showing=true]
              javax.swing.JButton[name='6,4', text='', enabled=true, visible=true, showing=true]
              javax.swing.JButton[name='7,4', text='', enabled=true, visible=true, showing=true]
              javax.swing.JButton[name='8,4', text='', enabled=true, visible=true, showing=true]
              javax.swing.JButton[name='0,5', text='', enabled=true, visible=true, showing=true]
              javax.swing.JButton[name='1,5', text='', enabled=true, visible=true, showing=true]
              javax.swing.JButton[name='2,5', text='', enabled=true, visible=true, showing=true]
              javax.swing.JButton[name='3,5', text='', enabled=true, visible=true, showing=true]
              javax.swing.JButton[name='4,5', text='', enabled=true, visible=true, showing=true]
              javax.swing.JButton[name='5,5', text='', enabled=true, visible=true, showing=true]
              javax.swing.JButton[name='6,5', text='', enabled=true, visible=true, showing=true]
              javax.swing.JButton[name='7,5', text='', enabled=true, visible=true, showing=true]
              javax.swing.JButton[name='8,5', text='', enabled=true, visible=true, showing=true]
              javax.swing.JButton[name='0,6', text='', enabled=true, visible=true, showing=true]
              javax.swing.JButton[name='1,6', text='', enabled=true, visible=true, showing=true]
              javax.swing.JButton[name='2,6', text='', enabled=true, visible=true, showing=true]
              javax.swing.JButton[name='3,6', text='', enabled=true, visible=true, showing=true]
              javax.swing.JButton[name='4,6', text='', enabled=true, visible=true, showing=true]
              javax.swing.JButton[name='5,6', text='', enabled=true, visible=true, showing=true]
              javax.swing.JButton[name='6,6', text='', enabled=true, visible=true, showing=true]
              javax.swing.JButton[name='7,6', text='', enabled=true, visible=true, showing=true]
              javax.swing.JButton[name='8,6', text='', enabled=true, visible=true, showing=true]
              javax.swing.JButton[name='0,7', text='', enabled=true, visible=true, showing=true]
              javax.swing.JButton[name='1,7', text='', enabled=true, visible=true, showing=true]
              javax.swing.JButton[name='2,7', text='', enabled=true, visible=true, showing=true]
              javax.swing.JButton[name='3,7', text='', enabled=true, visible=true, showing=true]
              javax.swing.JButton[name='4,7', text='', enabled=true, visible=true, showing=true]
              javax.swing.JButton[name='5,7', text='', enabled=true, visible=true, showing=true]
              javax.swing.JButton[name='6,7', text='', enabled=true, visible=true, showing=true]
              javax.swing.JButton[name='7,7', text='', enabled=true, visible=true, showing=true]
              javax.swing.JButton[name='8,7', text='', enabled=true, visible=true, showing=true]
              javax.swing.JButton[name='0,8', text='', enabled=true, visible=true, showing=true]
              javax.swing.JButton[name='1,8', text='', enabled=true, visible=true, showing=true]
              javax.swing.JButton[name='2,8', text='', enabled=true, visible=true, showing=true]
              javax.swing.JButton[name='3,8', text='', enabled=true, visible=true, showing=true]
              javax.swing.JButton[name='4,8', text='', enabled=true, visible=true, showing=true]
              javax.swing.JButton[name='5,8', text='', enabled=true, visible=true, showing=true]
              javax.swing.JButton[name='6,8', text='', enabled=true, visible=true, showing=true]
              javax.swing.JButton[name='7,8', text='', enabled=true, visible=true, showing=true]
              javax.swing.JButton[name='8,8', text='', enabled=true, visible=true, showing=true]
            javax.swing.JPanel[name=null]
              javax.swing.JPanel[name=null]
                javax.swing.JLabel[name=null, text='', enabled=true, visible=true, showing=true]
                javax.swing.JLabel[name=null, text='  0  ', enabled=true, visible=true, showing=true]
              javax.swing.JPanel[name=null]
                javax.swing.JLabel[name=null, text='  10  ', enabled=true, visible=true, showing=true]
                javax.swing.JLabel[name=null, text='', enabled=true, visible=true, showing=true]
src.minesweeper.UI[name='frame0', title='Minesweeper ~ Developed by Haris Muneer', enabled=true, visible=false, showing=false]
  javax.swing.JRootPane[]
    javax.swing.JPanel[name='null.glassPane']
    javax.swing.JLayeredPane[]
      javax.swing.JPanel[name='null.contentPane']
        javax.swing.JLabel[name=null, text=null, enabled=true, visible=true, showing=false]
          javax.swing.JMenuBar[]
            javax.swing.JMenu[name=null, text='Game', selected=false, enabled=true, visible=true, showing=false]
              javax.swing.JPopupMenu[name=null, label=null, enabled=true, visible=false, showing=false]
                javax.swing.JMenuItem[name='New Game', text='   New Game', selected=false, enabled=true, visible=true, showing=false]
                javax.swing.JMenuItem[name='Statistics', text='   Statistics', selected=false, enabled=true, visible=true, showing=false]
                javax.swing.JMenuItem[name='Exit', text='   Exit', selected=false, enabled=true, visible=true, showing=false]
          javax.swing.JPanel[name=null]
            javax.swing.JPanel[name=null]
              javax.swing.JButton[name='0,0', text='', enabled=true, visible=true, showing=false]
              javax.swing.JButton[name='1,0', text='', enabled=true, visible=true, showing=false]
              javax.swing.JButton[name='2,0', text='', enabled=true, visible=true, showing=false]
              javax.swing.JButton[name='3,0', text='', enabled=true, visible=true, showing=false]
              javax.swing.JButton[name='4,0', text='', enabled=true, visible=true, showing=false]
              javax.swing.JButton[name='5,0', text='', enabled=true, visible=true, showing=false]
              javax.swing.JButton[name='6,0', text='', enabled=true, visible=true, showing=false]
              javax.swing.JButton[name='7,0', text='', enabled=true, visible=true, showing=false]
              javax.swing.JButton[name='8,0', text='', enabled=true, visible=true, showing=false]
              javax.swing.JButton[name='0,1', text='', enabled=true, visible=true, showing=false]
              javax.swing.JButton[name='1,1', text='', enabled=true, visible=true, showing=false]
              javax.swing.JButton[name='2,1', text='', enabled=true, visible=true, showing=false]
              javax.swing.JButton[name='3,1', text='', enabled=true, visible=true, showing=false]
              javax.swing.JButton[name='4,1', text='', enabled=true, visible=true, showing=false]
              javax.swing.JButton[name='5,1', text='', enabled=true, visible=true, showing=false]
              javax.swing.JButton[name='6,1', text='', enabled=true, visible=true, showing=false]
              javax.swing.JButton[name='7,1', text='', enabled=true, visible=true, showing=false]
              javax.swing.JButton[name='8,1', text='', enabled=true, visible=true, showing=false]
              javax.swing.JButton[name='0,2', text='', enabled=true, visible=true, showing=false]
              javax.swing.JButton[name='1,2', text='', enabled=true, visible=true, showing=false]
              javax.swing.JButton[name='2,2', text='', enabled=true, visible=true, showing=false]
              javax.swing.JButton[name='3,2', text='', enabled=true, visible=true, showing=false]
              javax.swing.JButton[name='4,2', text='', enabled=true, visible=true, showing=false]
              javax.swing.JButton[name='5,2', text='', enabled=true, visible=true, showing=false]
              javax.swing.JButton[name='6,2', text='', enabled=true, visible=true, showing=false]
              javax.swing.JButton[name='7,2', text='', enabled=true, visible=true, showing=false]
              javax.swing.JButton[name='8,2', text='', enabled=true, visible=true, showing=false]
              javax.swing.JButton[name='0,3', text='', enabled=true, visible=true, showing=false]
              javax.swing.JButton[name='1,3', text='', enabled=true, visible=true, showing=false]
              javax.swing.JButton[name='2,3', text='', enabled=true, visible=true, showing=false]
              javax.swing.JButton[name='3,3', text='', enabled=true, visible=true, showing=false]
              javax.swing.JButton[name='4,3', text='', enabled=true, visible=true, showing=false]
              javax.swing.JButton[name='5,3', text='', enabled=true, visible=true, showing=false]
              javax.swing.JButton[name='6,3', text='', enabled=true, visible=true, showing=false]
              javax.swing.JButton[name='7,3', text='', enabled=true, visible=true, showing=false]
[...]
	at org.assertj.swing.core.BasicRobot.lambda$doClick$1(BasicRobot.java:461)
	at org.assertj.swing.core.BasicRobot.pressModifiersWhileRunning(BasicRobot.java:504)
	at org.assertj.swing.core.BasicRobot.doClick(BasicRobot.java:461)
	at org.assertj.swing.core.BasicRobot.click(BasicRobot.java:453)
	at org.assertj.swing.core.BasicRobot.click(BasicRobot.java:430)
	at org.assertj.swing.core.BasicRobot.click(BasicRobot.java:414)
	at org.assertj.swing.core.BasicRobot.click(BasicRobot.java:402)
	at org.assertj.swing.driver.ComponentDriver.click(ComponentDriver.java:100)
	at org.assertj.swing.fixture.AbstractComponentFixture.click(AbstractComponentFixture.java:171)
	at GUITest.clickOnNonMine(GUITest.java:78)
	at GUITest.statisticsShouldReset(GUITest.java:163)
	at sun.reflect.NativeMethodAccessorImpl.invoke0(Native Method)
	at sun.reflect.NativeMethodAccessorImpl.invoke(NativeMethodAccessorImpl.java:62)
	at sun.reflect.DelegatingMethodAccessorImpl.invoke(DelegatingMethodAccessorImpl.java:43)
	at java.lang.reflect.Method.invoke(Method.java:498)
	at org.junit.platform.commons.util.ReflectionUtils.invokeMethod(ReflectionUtils.java:725)
	at org.junit.jupiter.engine.execution.MethodInvocation.proceed(MethodInvocation.java:60)
	at org.junit.jupiter.engine.execution.InvocationInterceptorChain$ValidatingInvocation.proceed(InvocationInterceptorChain.java:131)
	at org.junit.jupiter.engine.extension.TimeoutExtension.intercept(TimeoutExtension.java:149)
	at org.junit.jupiter.engine.extension.TimeoutExtension.interceptTestableMethod(TimeoutExtension.java:140)
	at org.junit.jupiter.engine.extension.TimeoutExtension.interceptTestMethod(TimeoutExtension.java:84)
	at org.junit.jupiter.engine.execution.ExecutableInvoker$ReflectiveInterceptorCall.lambda$ofVoidMethod$0(ExecutableInvoker.java:115)
	at org.junit.jupiter.engine.execution.ExecutableInvoker.lambda$invoke$0(ExecutableInvoker.java:105)
	at org.junit.jupiter.engine.execution.InvocationInterceptorChain$InterceptedInvocation.proceed(InvocationInterceptorChain.java:106)
	at org.junit.jupiter.engine.execution.InvocationInterceptorChain.proceed(InvocationInterceptorChain.java:64)
	at org.junit.jupiter.engine.execution.InvocationInterceptorChain.chainAndInvoke(InvocationInterceptorChain.java:45)
	at org.junit.jupiter.engine.execution.InvocationInterceptorChain.invoke(InvocationInterceptorChain.java:37)
	at org.junit.jupiter.engine.execution.ExecutableInvoker.invoke(ExecutableInvoker.java:104)
	at org.junit.jupiter.engine.execution.ExecutableInvoker.invoke(ExecutableInvoker.java:98)
	at org.junit.jupiter.engine.descriptor.TestMethodTestDescriptor.lambda$invokeTestMethod$7(TestMethodTestDescriptor.java:214)
	at org.junit.platform.engine.support.hierarchical.ThrowableCollector.execute(ThrowableCollector.java:73)
	at org.junit.jupiter.engine.descriptor.TestMethodTestDescriptor.invokeTestMethod(TestMethodTestDescriptor.java:210)
	at org.junit.jupiter.engine.descriptor.TestMethodTestDescriptor.execute(TestMethodTestDescriptor.java:135)
	at org.junit.jupiter.engine.descriptor.TestMethodTestDescriptor.execute(TestMethodTestDescriptor.java:66)
	at org.junit.platform.engine.support.hierarchical.NodeTestTask.lambda$executeRecursively$6(NodeTestTask.java:151)
	at org.junit.platform.engine.support.hierarchical.ThrowableCollector.execute(ThrowableCollector.java:73)
	at org.junit.platform.engine.support.hierarchical.NodeTestTask.lambda$executeRecursively$8(NodeTestTask.java:141)
	at org.junit.platform.engine.support.hierarchical.Node.around(Node.java:137)
	at org.junit.platform.engine.support.hierarchical.NodeTestTask.lambda$executeRecursively$9(NodeTestTask.java:139)
	at org.junit.platform.engine.support.hierarchical.ThrowableCollector.execute(ThrowableCollector.java:73)
	at org.junit.platform.engine.support.hierarchical.NodeTestTask.executeRecursively(NodeTestTask.java:138)
	at org.junit.platform.engine.support.hierarchical.NodeTestTask.execute(NodeTestTask.java:95)
	at java.util.ArrayList.forEach(ArrayList.java:1259)
	at org.junit.platform.engine.support.hierarchical.SameThreadHierarchicalTestExecutorService.invokeAll(SameThreadHierarchicalTestExecutorService.java:41)
	at org.junit.platform.engine.support.hierarchical.NodeTestTask.lambda$executeRecursively$6(NodeTestTask.java:155)
	at org.junit.platform.engine.support.hierarchical.ThrowableCollector.execute(ThrowableCollector.java:73)
	at org.junit.platform.engine.support.hierarchical.NodeTestTask.lambda$executeRecursively$8(NodeTestTask.java:141)
	at org.junit.platform.engine.support.hierarchical.Node.around(Node.java:137)
	at org.junit.platform.engine.support.hierarchical.NodeTestTask.lambda$executeRecursively$9(NodeTestTask.java:139)
	at org.junit.platform.engine.support.hierarchical.ThrowableCollector.execute(ThrowableCollector.java:73)
	at org.junit.platform.engine.support.hierarchical.NodeTestTask.executeRecursively(NodeTestTask.java:138)
	at org.junit.platform.engine.support.hierarchical.NodeTestTask.execute(NodeTestTask.java:95)
	at java.util.ArrayList.forEach(ArrayList.java:1259)
	at org.junit.platform.engine.support.hierarchical.SameThreadHierarchicalTestExecutorService.invokeAll(SameThreadHierarchicalTestExecutorService.java:41)
	at org.junit.platform.engine.support.hierarchical.NodeTestTask.lambda$executeRecursively$6(NodeTestTask.java:155)
	at org.junit.platform.engine.support.hierarchical.ThrowableCollector.execute(ThrowableCollector.java:73)
	at org.junit.platform.engine.support.hierarchical.NodeTestTask.lambda$executeRecursively$8(NodeTestTask.java:141)
	at org.junit.platform.engine.support.hierarchical.Node.around(Node.java:137)
	at org.junit.platform.engine.support.hierarchical.NodeTestTask.lambda$executeRecursively$9(NodeTestTask.java:139)
	at org.junit.platform.engine.support.hierarchical.ThrowableCollector.execute(ThrowableCollector.java:73)
	at org.junit.platform.engine.support.hierarchical.NodeTestTask.executeRecursively(NodeTestTask.java:138)
	at org.junit.platform.engine.support.hierarchical.NodeTestTask.execute(NodeTestTask.java:95)
	at org.junit.platform.engine.support.hierarchical.SameThreadHierarchicalTestExecutorService.submit(SameThreadHierarchicalTestExecutorService.java:35)
	at org.junit.platform.engine.support.hierarchical.HierarchicalTestExecutor.execute(HierarchicalTestExecutor.java:57)
	at org.junit.platform.engine.support.hierarchical.HierarchicalTestEngine.execute(HierarchicalTestEngine.java:54)
	at org.junit.platform.launcher.core.EngineExecutionOrchestrator.execute(EngineExecutionOrchestrator.java:108)
	at org.junit.platform.launcher.core.EngineExecutionOrchestrator.execute(EngineExecutionOrchestrator.java:88)
	at org.junit.platform.launcher.core.EngineExecutionOrchestrator.lambda$execute$0(EngineExecutionOrchestrator.java:54)
	at org.junit.platform.launcher.core.EngineExecutionOrchestrator.withInterceptedStreams(EngineExecutionOrchestrator.java:67)
	at org.junit.platform.launcher.core.EngineExecutionOrchestrator.execute(EngineExecutionOrchestrator.java:52)
	at org.junit.platform.launcher.core.DefaultLauncher.execute(DefaultLauncher.java:96)
	at org.junit.platform.launcher.core.DefaultLauncher.execute(DefaultLauncher.java:75)
	at org.gradle.api.internal.tasks.testing.junitplatform.JUnitPlatformTestClassProcessor$CollectAllTestClassesExecutor.processAllTestClasses(JUnitPlatformTestClassProcessor.java:99)
	at org.gradle.api.internal.tasks.testing.junitplatform.JUnitPlatformTestClassProcessor$CollectAllTestClassesExecutor.access$000(JUnitPlatformTestClassProcessor.java:79)
	at org.gradle.api.internal.tasks.testing.junitplatform.JUnitPlatformTestClassProcessor.stop(JUnitPlatformTestClassProcessor.java:75)
	at org.gradle.api.internal.tasks.testing.SuiteTestClassProcessor.stop(SuiteTestClassProcessor.java:61)
	at sun.reflect.NativeMethodAccessorImpl.invoke0(Native Method)
	at sun.reflect.NativeMethodAccessorImpl.invoke(NativeMethodAccessorImpl.java:62)
	at sun.reflect.DelegatingMethodAccessorImpl.invoke(DelegatingMethodAccessorImpl.java:43)
	at java.lang.reflect.Method.invoke(Method.java:498)
	at org.gradle.internal.dispatch.ReflectionDispatch.dispatch(ReflectionDispatch.java:36)
	at org.gradle.internal.dispatch.ReflectionDispatch.dispatch(ReflectionDispatch.java:24)
	at org.gradle.internal.dispatch.ContextClassLoaderDispatch.dispatch(ContextClassLoaderDispatch.java:33)
	at org.gradle.internal.dispatch.ProxyDispatchAdapter$DispatchingInvocationHandler.invoke(ProxyDispatchAdapter.java:94)
	at com.sun.proxy.$Proxy2.stop(Unknown Source)
	at org.gradle.api.internal.tasks.testing.worker.TestWorker.stop(TestWorker.java:135)
	at sun.reflect.NativeMethodAccessorImpl.invoke0(Native Method)
	at sun.reflect.NativeMethodAccessorImpl.invoke(NativeMethodAccessorImpl.java:62)
	at sun.reflect.DelegatingMethodAccessorImpl.invoke(DelegatingMethodAccessorImpl.java:43)
	at java.lang.reflect.Method.invoke(Method.java:498)
	at org.gradle.internal.dispatch.ReflectionDispatch.dispatch(ReflectionDispatch.java:36)
	at org.gradle.internal.dispatch.ReflectionDispatch.dispatch(ReflectionDispatch.java:24)
	at org.gradle.internal.remote.internal.hub.MessageHubBackedObjectConnection$DispatchWrapper.dispatch(MessageHubBackedObjectConnection.java:182)
	at org.gradle.internal.remote.internal.hub.MessageHubBackedObjectConnection$DispatchWrapper.dispatch(MessageHubBackedObjectConnection.java:164)
	at org.gradle.internal.remote.internal.hub.MessageHub$Handler.run(MessageHub.java:414)
	at org.gradle.internal.concurrent.ExecutorPolicy$CatchAndRecordFailures.onExecute(ExecutorPolicy.java:64)
	at org.gradle.internal.concurrent.ManagedExecutorImpl$1.run(ManagedExecutorImpl.java:48)
	at java.util.concurrent.ThreadPoolExecutor.runWorker(ThreadPoolExecutor.java:1149)
	at java.util.concurrent.ThreadPoolExecutor$Worker.run(ThreadPoolExecutor.java:624)
	at org.gradle.internal.concurrent.ThreadFactoryImpl$ManagedThreadRunnable.run(ThreadFactoryImpl.java:56)
	at java.lang.Thread.run(Thread.java:750)
</failure>
  </testcase>
  <testcase name="numberOfMinesShouldNotGoBelowZero()" classname="GUITest" time="24.909">
    <failure message="org.opentest4j.AssertionFailedError: expected: &lt;true&gt; but was: &lt;false&gt;" type="org.opentest4j.AssertionFailedError">org.opentest4j.AssertionFailedError: expected: &lt;true&gt; but was: &lt;false&gt;
	at org.junit.jupiter.api.AssertionUtils.fail(AssertionUtils.java:55)
	at org.junit.jupiter.api.AssertTrue.assertTrue(AssertTrue.java:40)
	at org.junit.jupiter.api.AssertTrue.assertTrue(AssertTrue.java:35)
	at org.junit.jupiter.api.Assertions.assertTrue(Assertions.java:179)
	at GUITest.numberOfMinesShouldNotGoBelowZero(GUITest.java:247)
	at sun.reflect.NativeMethodAccessorImpl.invoke0(Native Method)
	at sun.reflect.NativeMethodAccessorImpl.invoke(NativeMethodAccessorImpl.java:62)
	at sun.reflect.DelegatingMethodAccessorImpl.invoke(DelegatingMethodAccessorImpl.java:43)
	at java.lang.reflect.Method.invoke(Method.java:498)
	at org.junit.platform.commons.util.ReflectionUtils.invokeMethod(ReflectionUtils.java:725)
	at org.junit.jupiter.engine.execution.MethodInvocation.proceed(MethodInvocation.java:60)
	at org.junit.jupiter.engine.execution.InvocationInterceptorChain$ValidatingInvocation.proceed(InvocationInterceptorChain.java:131)
	at org.junit.jupiter.engine.extension.TimeoutExtension.intercept(TimeoutExtension.java:149)
	at org.junit.jupiter.engine.extension.TimeoutExtension.interceptTestableMethod(TimeoutExtension.java:140)
	at org.junit.jupiter.engine.extension.TimeoutExtension.interceptTestMethod(TimeoutExtension.java:84)
	at org.junit.jupiter.engine.execution.ExecutableInvoker$ReflectiveInterceptorCall.lambda$ofVoidMethod$0(ExecutableInvoker.java:115)
	at org.junit.jupiter.engine.execution.ExecutableInvoker.lambda$invoke$0(ExecutableInvoker.java:105)
	at org.junit.jupiter.engine.execution.InvocationInterceptorChain$InterceptedInvocation.proceed(InvocationInterceptorChain.java:106)
	at org.junit.jupiter.engine.execution.InvocationInterceptorChain.proceed(InvocationInterceptorChain.java:64)
	at org.junit.jupiter.engine.execution.InvocationInterceptorChain.chainAndInvoke(InvocationInterceptorChain.java:45)
	at org.junit.jupiter.engine.execution.InvocationInterceptorChain.invoke(InvocationInterceptorChain.java:37)
	at org.junit.jupiter.engine.execution.ExecutableInvoker.invoke(ExecutableInvoker.java:104)
	at org.junit.jupiter.engine.execution.ExecutableInvoker.invoke(ExecutableInvoker.java:98)
	at org.junit.jupiter.engine.descriptor.TestMethodTestDescriptor.lambda$invokeTestMethod$7(TestMethodTestDescriptor.java:214)
	at org.junit.platform.engine.support.hierarchical.ThrowableCollector.execute(ThrowableCollector.java:73)
	at org.junit.jupiter.engine.descriptor.TestMethodTestDescriptor.invokeTestMethod(TestMethodTestDescriptor.java:210)
	at org.junit.jupiter.engine.descriptor.TestMethodTestDescriptor.execute(TestMethodTestDescriptor.java:135)
	at org.junit.jupiter.engine.descriptor.TestMethodTestDescriptor.execute(TestMethodTestDescriptor.java:66)
	at org.junit.platform.engine.support.hierarchical.NodeTestTask.lambda$executeRecursively$6(NodeTestTask.java:151)
	at org.junit.platform.engine.support.hierarchical.ThrowableCollector.execute(ThrowableCollector.java:73)
	at org.junit.platform.engine.support.hierarchical.NodeTestTask.lambda$executeRecursively$8(NodeTestTask.java:141)
	at org.junit.platform.engine.support.hierarchical.Node.around(Node.java:137)
	at org.junit.platform.engine.support.hierarchical.NodeTestTask.lambda$executeRecursively$9(NodeTestTask.java:139)
	at org.junit.platform.engine.support.hierarchical.ThrowableCollector.execute(ThrowableCollector.java:73)
	at org.junit.platform.engine.support.hierarchical.NodeTestTask.executeRecursively(NodeTestTask.java:138)
	at org.junit.platform.engine.support.hierarchical.NodeTestTask.execute(NodeTestTask.java:95)
	at java.util.ArrayList.forEach(ArrayList.java:1259)
	at org.junit.platform.engine.support.hierarchical.SameThreadHierarchicalTestExecutorService.invokeAll(SameThreadHierarchicalTestExecutorService.java:41)
	at org.junit.platform.engine.support.hierarchical.NodeTestTask.lambda$executeRecursively$6(NodeTestTask.java:155)
	at org.junit.platform.engine.support.hierarchical.ThrowableCollector.execute(ThrowableCollector.java:73)
	at org.junit.platform.engine.support.hierarchical.NodeTestTask.lambda$executeRecursively$8(NodeTestTask.java:141)
	at org.junit.platform.engine.support.hierarchical.Node.around(Node.java:137)
	at org.junit.platform.engine.support.hierarchical.NodeTestTask.lambda$executeRecursively$9(NodeTestTask.java:139)
	at org.junit.platform.engine.support.hierarchical.ThrowableCollector.execute(ThrowableCollector.java:73)
	at org.junit.platform.engine.support.hierarchical.NodeTestTask.executeRecursively(NodeTestTask.java:138)
	at org.junit.platform.engine.support.hierarchical.NodeTestTask.execute(NodeTestTask.java:95)
	at java.util.ArrayList.forEach(ArrayList.java:1259)
	at org.junit.platform.engine.support.hierarchical.SameThreadHierarchicalTestExecutorService.invokeAll(SameThreadHierarchicalTestExecutorService.java:41)
	at org.junit.platform.engine.support.hierarchical.NodeTestTask.lambda$executeRecursively$6(NodeTestTask.java:155)
	at org.junit.platform.engine.support.hierarchical.ThrowableCollector.execute(ThrowableCollector.java:73)
	at org.junit.platform.engine.support.hierarchical.NodeTestTask.lambda$executeRecursively$8(NodeTestTask.java:141)
	at org.junit.platform.engine.support.hierarchical.Node.around(Node.java:137)
	at org.junit.platform.engine.support.hierarchical.NodeTestTask.lambda$executeRecursively$9(NodeTestTask.java:139)
	at org.junit.platform.engine.support.hierarchical.ThrowableCollector.execute(ThrowableCollector.java:73)
	at org.junit.platform.engine.support.hierarchical.NodeTestTask.executeRecursively(NodeTestTask.java:138)
	at org.junit.platform.engine.support.hierarchical.NodeTestTask.execute(NodeTestTask.java:95)
	at org.junit.platform.engine.support.hierarchical.SameThreadHierarchicalTestExecutorService.submit(SameThreadHierarchicalTestExecutorService.java:35)
	at org.junit.platform.engine.support.hierarchical.HierarchicalTestExecutor.execute(HierarchicalTestExecutor.java:57)
	at org.junit.platform.engine.support.hierarchical.HierarchicalTestEngine.execute(HierarchicalTestEngine.java:54)
	at org.junit.platform.launcher.core.EngineExecutionOrchestrator.execute(EngineExecutionOrchestrator.java:108)
	at org.junit.platform.launcher.core.EngineExecutionOrchestrator.execute(EngineExecutionOrchestrator.java:88)
	at org.junit.platform.launcher.core.EngineExecutionOrchestrator.lambda$execute$0(EngineExecutionOrchestrator.java:54)
	at org.junit.platform.launcher.core.EngineExecutionOrchestrator.withInterceptedStreams(EngineExecutionOrchestrator.java:67)
	at org.junit.platform.launcher.core.EngineExecutionOrchestrator.execute(EngineExecutionOrchestrator.java:52)
	at org.junit.platform.launcher.core.DefaultLauncher.execute(DefaultLauncher.java:96)
	at org.junit.platform.launcher.core.DefaultLauncher.execute(DefaultLauncher.java:75)
	at org.gradle.api.internal.tasks.testing.junitplatform.JUnitPlatformTestClassProcessor$CollectAllTestClassesExecutor.processAllTestClasses(JUnitPlatformTestClassProcessor.java:99)
	at org.gradle.api.internal.tasks.testing.junitplatform.JUnitPlatformTestClassProcessor$CollectAllTestClassesExecutor.access$000(JUnitPlatformTestClassProcessor.java:79)
	at org.gradle.api.internal.tasks.testing.junitplatform.JUnitPlatformTestClassProcessor.stop(JUnitPlatformTestClassProcessor.java:75)
	at org.gradle.api.internal.tasks.testing.SuiteTestClassProcessor.stop(SuiteTestClassProcessor.java:61)
	at sun.reflect.NativeMethodAccessorImpl.invoke0(Native Method)
	at sun.reflect.NativeMethodAccessorImpl.invoke(NativeMethodAccessorImpl.java:62)
	at sun.reflect.DelegatingMethodAccessorImpl.invoke(DelegatingMethodAccessorImpl.java:43)
	at java.lang.reflect.Method.invoke(Method.java:498)
	at org.gradle.internal.dispatch.ReflectionDispatch.dispatch(ReflectionDispatch.java:36)
	at org.gradle.internal.dispatch.ReflectionDispatch.dispatch(ReflectionDispatch.java:24)
	at org.gradle.internal.dispatch.ContextClassLoaderDispatch.dispatch(ContextClassLoaderDispatch.java:33)
	at org.gradle.internal.dispatch.ProxyDispatchAdapter$DispatchingInvocationHandler.invoke(ProxyDispatchAdapter.java:94)
	at com.sun.proxy.$Proxy2.stop(Unknown Source)
	at org.gradle.api.internal.tasks.testing.worker.TestWorker.stop(TestWorker.java:135)
	at sun.reflect.NativeMethodAccessorImpl.invoke0(Native Method)
	at sun.reflect.NativeMethodAccessorImpl.invoke(NativeMethodAccessorImpl.java:62)
	at sun.reflect.DelegatingMethodAccessorImpl.invoke(DelegatingMethodAccessorImpl.java:43)
	at java.lang.reflect.Method.invoke(Method.java:498)
	at org.gradle.internal.dispatch.ReflectionDispatch.dispatch(ReflectionDispatch.java:36)
	at org.gradle.internal.dispatch.ReflectionDispatch.dispatch(ReflectionDispatch.java:24)
	at org.gradle.internal.remote.internal.hub.MessageHubBackedObjectConnection$DispatchWrapper.dispatch(MessageHubBackedObjectConnection.java:182)
	at org.gradle.internal.remote.internal.hub.MessageHubBackedObjectConnection$DispatchWrapper.dispatch(MessageHubBackedObjectConnection.java:164)
	at org.gradle.internal.remote.internal.hub.MessageHub$Handler.run(MessageHub.java:414)
	at org.gradle.internal.concurrent.ExecutorPolicy$CatchAndRecordFailures.onExecute(ExecutorPolicy.java:64)
	at org.gradle.internal.concurrent.ManagedExecutorImpl$1.run(ManagedExecutorImpl.java:48)
	at java.util.concurrent.ThreadPoolExecutor.runWorker(ThreadPoolExecutor.java:1149)
	at java.util.concurrent.ThreadPoolExecutor$Worker.run(ThreadPoolExecutor.java:624)
	at org.gradle.internal.concurrent.ThreadFactoryImpl$ManagedThreadRunnable.run(ThreadFactoryImpl.java:56)
	at java.lang.Thread.run(Thread.java:750)
</failure>
  </testcase>
  <testcase name="playAgainShouldStartNewGame()" classname="GUITest" time="3.947"/>
  <system-out><![CDATA[]]></system-out>
  <system-err><![CDATA[]]></system-err>
</testsuite>
